test.obj : error LNK2019: __imp____acrt_iob_func_printf 함수에서 참조되는 확인할 수 없는 외부 기호
test.obj : error LNK2019: __imp____stdio_common_vfprintf__vfprintf_l 함수에서 참조되는 확인할 수 없는 외부 기호
test.obj : error LNK2019: _mysql_errno@4_main 함수에서 참조되는 확인할 수 없는 외부 기호
test.obj : error LNK2019: _mysql_error@4_main 함수에서 참조되는 확인할 수 없는 외부 기호
test.obj : error LNK2019: _mysql_init@4_main 함수에서 참조되는 확인할 수 없는 외부 기호
test.obj : error LNK2019: _mysql_real_connect@32_main 함수에서 참조되는 확인할 수 없는 외부 기호
test.obj : error LNK2019: _mysql_select_db@8_main 함수에서 참조되는 확인할 수 없는 외부 기호
test.obj : error LNK2019: _mysql_query@8_main 함수에서 참조되는 확인할 수 없는 외부 기호
test.obj : error LNK2019: _mysql_store_result@4_main 함수에서 참조되는 확인할 수 없는 외부 기호
test.obj : error LNK2019: _mysql_free_result@4_main 함수에서 참조되는 확인할 수 없는 외부 기호
test.obj : error LNK2019: _mysql_fetch_row@4_main 함수에서 참조되는 확인할 수 없는 외부 기호
test.obj : error LNK2019: _mysql_close@4_main 함수에서 참조되는 확인할 수 없는 외부 기호
test.obj : error LNK2019: @_RTC_CheckStackVars@8_main 함수에서 참조되는 확인할 수 없는 외부 기호
test.obj : error LNK2019: @__security_check_cookie@4_main 함수에서 참조되는 확인할 수 없는 외부 기호
test.obj : error LNK2019: __RTC_CheckEsp___local_stdio_printf_options 함수에서 참조되는 확인할 수 없는 외부 기호
test.obj : error LNK2001: 확인할 수 없는 외부 기호 __RTC_InitBase
test.obj : error LNK2001: 확인할 수 없는 외부 기호 __RTC_Shutdown
test.obj : error LNK2019: ___security_cookie_main 함수에서 참조되는 확인할 수 없는 외부 기호
LINK : error LNK2001: 확인할 수 없는 외부 기호 _mainCRTStartup
libmysql.lib : warning LNK4272: 'x64' 라이브러리 컴퓨터 종류가 'x86' 대상 컴퓨터 종류와 충돌합니다.
C:\Program Files (x86)\Windows Kits\10\lib\10.0.18362.0\um\x64\kernel32.lib : warning LNK4272: 'x64' 라이브러리 컴퓨터 종류가 'x86' 대상 컴퓨터 종류와 충돌합니다.
C:\Program Files (x86)\Windows Kits\10\lib\10.0.18362.0\um\x64\user32.lib : warning LNK4272: 'x64' 라이브러리 컴퓨터 종류가 'x86' 대상 컴퓨터 종류와 충돌합니다.
C:\Program Files (x86)\Windows Kits\10\lib\10.0.18362.0\um\x64\gdi32.lib : warning LNK4272: 'x64' 라이브러리 컴퓨터 종류가 'x86' 대상 컴퓨터 종류와 충돌합니다.
C:\Program Files (x86)\Windows Kits\10\lib\10.0.18362.0\um\x64\winspool.lib : warning LNK4272: 'x64' 라이브러리 컴퓨터 종류가 'x86' 대상 컴퓨터 종류와 충돌합니다.
C:\Program Files (x86)\Windows Kits\10\lib\10.0.18362.0\um\x64\comdlg32.lib : warning LNK4272: 'x64' 라이브러리 컴퓨터 종류가 'x86' 대상 컴퓨터 종류와 충돌합니다.
C:\Program Files (x86)\Windows Kits\10\lib\10.0.18362.0\um\x64\advapi32.lib : warning LNK4272: 'x64' 라이브러리 컴퓨터 종류가 'x86' 대상 컴퓨터 종류와 충돌합니다.
C:\Program Files (x86)\Windows Kits\10\lib\10.0.18362.0\um\x64\shell32.lib : warning LNK4272: 'x64' 라이브러리 컴퓨터 종류가 'x86' 대상 컴퓨터 종류와 충돌합니다.
C:\Program Files (x86)\Windows Kits\10\lib\10.0.18362.0\um\x64\ole32.lib : warning LNK4272: 'x64' 라이브러리 컴퓨터 종류가 'x86' 대상 컴퓨터 종류와 충돌합니다.
C:\Program Files (x86)\Windows Kits\10\lib\10.0.18362.0\um\x64\oleaut32.lib : warning LNK4272: 'x64' 라이브러리 컴퓨터 종류가 'x86' 대상 컴퓨터 종류와 충돌합니다.
C:\Program Files (x86)\Windows Kits\10\lib\10.0.18362.0\um\x64\uuid.lib : warning LNK4272: 'x64' 라이브러리 컴퓨터 종류가 'x86' 대상 컴퓨터 종류와 충돌합니다.
C:\Program Files (x86)\Windows Kits\10\lib\10.0.18362.0\um\x64\odbc32.lib : warning LNK4272: 'x64' 라이브러리 컴퓨터 종류가 'x86' 대상 컴퓨터 종류와 충돌합니다.
C:\Program Files (x86)\Windows Kits\10\lib\10.0.18362.0\um\x64\odbccp32.lib : warning LNK4272: 'x64' 라이브러리 컴퓨터 종류가 'x86' 대상 컴퓨터 종류와 충돌합니다.
..\..\..\..\..\..\..\..\..\Program Files\MySQL\MySQL Server 8.0\lib\libmysql.lib : warning LNK4272: 'x64' 라이브러리 컴퓨터 종류가 'x86' 대상 컴퓨터 종류와 충돌합니다.
C:\Program Files (x86)\Microsoft Visual Studio\2019\Community\VC\Tools\MSVC\14.26.28801\lib\x64\MSVCRTD.lib : warning LNK4272: 'x64' 라이브러리 컴퓨터 종류가 'x86' 대상 컴퓨터 종류와 충돌합니다.
C:\Users\meko6\Desktop\22-1\데이터베이스시스템\프로젝트\dp_p2\20160530\Debug\20160530.exe : fatal error LNK1120: 19개의 확인할 수 없는 외부 참조입니다.
